# JRE version: OpenJDK Runtime Environment (13.0.2+8) (build 13.0.2+8)
# Java VM: OpenJDK 64-Bit Server VM (13.0.2+8, mixed mode, sharing, tiered, compressed oops, g1 gc, windows-amd64)
Heap:
 garbage-first heap   total 78848K, used 40352K [0x0000000080000000, 0x0000000100000000)
  region size 1024K, 17 young (17408K), 3 survivors (3072K)
 Metaspace       used 31368K, capacity 32318K, committed 32640K, reserved 1077248K
  class space    used 4340K, capacity 4665K, committed 4736K, reserved 1048576K
GC Heap History (20 events):
Event: 3.107 GC heap before
{Heap before GC invocations=1 (full 0):
 garbage-first heap   total 65536K, used 42488K [0x0000000080000000, 0x0000000100000000)
  region size 1024K, 35 young (35840K), 2 survivors (2048K)
 Metaspace       used 4189K, capacity 6769K, committed 7040K, reserved 1056768K
  class space    used 524K, capacity 812K, committed 896K, reserved 1048576K
}
Event: 3.119 GC heap after
{Heap after GC invocations=2 (full 0):
 garbage-first heap   total 65536K, used 10123K [0x0000000080000000, 0x0000000100000000)
  region size 1024K, 4 young (4096K), 4 survivors (4096K)
 Metaspace       used 4189K, capacity 6769K, committed 7040K, reserved 1056768K
  class space    used 524K, capacity 812K, committed 896K, reserved 1048576K
}
Event: 3.928 GC heap before
{Heap before GC invocations=2 (full 0):
 garbage-first heap   total 65536K, used 40843K [0x0000000080000000, 0x0000000100000000)
  region size 1024K, 34 young (34816K), 4 survivors (4096K)
 Metaspace       used 6157K, capacity 7931K, committed 8064K, reserved 1056768K
  class space    used 844K, capacity 1054K, committed 1152K, reserved 1048576K
}
Event: 3.944 GC heap after
{Heap after GC invocations=3 (full 0):
 garbage-first heap   total 65536K, used 15541K [0x0000000080000000, 0x0000000100000000)
  region size 1024K, 5 young (5120K), 5 survivors (5120K)
 Metaspace       used 6157K, capacity 7931K, committed 8064K, reserved 1056768K
  class space    used 844K, capacity 1054K, committed 1152K, reserved 1048576K
}
Event: 6.051 GC heap before
{Heap before GC invocations=3 (full 0):
 garbage-first heap   total 65536K, used 43189K [0x0000000080000000, 0x0000000100000000)
  region size 1024K, 32 young (32768K), 5 survivors (5120K)
 Metaspace       used 10979K, capacity 11416K, committed 11520K, reserved 1058816K
  class space    used 1565K, capacity 1695K, committed 1792K, reserved 1048576K
}
Event: 6.058 GC heap after
{Heap after GC invocations=4 (full 0):
 garbage-first heap   total 65536K, used 17152K [0x0000000080000000, 0x0000000100000000)
  region size 1024K, 2 young (2048K), 2 survivors (2048K)
 Metaspace       used 10979K, capacity 11416K, committed 11520K, reserved 1058816K
  class space    used 1565K, capacity 1695K, committed 1792K, reserved 1048576K
}
Event: 7.026 GC heap before
{Heap before GC invocations=4 (full 0):
 garbage-first heap   total 65536K, used 43776K [0x0000000080000000, 0x0000000100000000)
  region size 1024K, 29 young (29696K), 2 survivors (2048K)
 Metaspace       used 14036K, capacity 14587K, committed 14848K, reserved 1062912K
  class space    used 2049K, capacity 2228K, committed 2304K, reserved 1048576K
}
Event: 7.031 GC heap after
{Heap after GC invocations=5 (full 0):
 garbage-first heap   total 65536K, used 18013K [0x0000000080000000, 0x0000000100000000)
  region size 1024K, 3 young (3072K), 3 survivors (3072K)
 Metaspace       used 14036K, capacity 14587K, committed 14848K, reserved 1062912K
  class space    used 2049K, capacity 2228K, committed 2304K, reserved 1048576K
}
Event: 7.996 GC heap before
{Heap before GC invocations=5 (full 0):
 garbage-first heap   total 65536K, used 46685K [0x0000000080000000, 0x0000000100000000)
  region size 1024K, 31 young (31744K), 3 survivors (3072K)
 Metaspace       used 17001K, capacity 17569K, committed 17920K, reserved 1064960K
  class space    used 2503K, capacity 2713K, committed 2816K, reserved 1048576K
}
Event: 8.004 GC heap after
{Heap after GC invocations=6 (full 0):
 garbage-first heap   total 65536K, used 19171K [0x0000000080000000, 0x0000000100000000)
  region size 1024K, 3 young (3072K), 3 survivors (3072K)
 Metaspace       used 17001K, capacity 17569K, committed 17920K, reserved 1064960K
  class space    used 2503K, capacity 2713K, committed 2816K, reserved 1048576K
}
Event: 9.100 GC heap before
{Heap before GC invocations=6 (full 0):
 garbage-first heap   total 65536K, used 47843K [0x0000000080000000, 0x0000000100000000)
  region size 1024K, 31 young (31744K), 3 survivors (3072K)
 Metaspace       used 19633K, capacity 20319K, committed 20352K, reserved 1067008K
  class space    used 2933K, capacity 3184K, committed 3200K, reserved 1048576K
}
Event: 9.108 GC heap after
{Heap after GC invocations=7 (full 0):
 garbage-first heap   total 65536K, used 20092K [0x0000000080000000, 0x0000000100000000)
  region size 1024K, 3 young (3072K), 3 survivors (3072K)
 Metaspace       used 19633K, capacity 20319K, committed 20352K, reserved 1067008K
  class space    used 2933K, capacity 3184K, committed 3200K, reserved 1048576K
}
Event: 9.475 GC heap before
{Heap before GC invocations=7 (full 0):
 garbage-first heap   total 65536K, used 30332K [0x0000000080000000, 0x0000000100000000)
  region size 1024K, 14 young (14336K), 3 survivors (3072K)
 Metaspace       used 20597K, capacity 21247K, committed 21296K, reserved 1067008K
  class space    used 3075K, capacity 3323K, committed 3328K, reserved 1048576K
}
Event: 9.488 GC heap after
{Heap after GC invocations=8 (full 0):
 garbage-first heap   total 65536K, used 20383K [0x0000000080000000, 0x0000000100000000)
  region size 1024K, 3 young (3072K), 3 survivors (3072K)
 Metaspace       used 20597K, capacity 21247K, committed 21296K, reserved 1067008K
  class space    used 3075K, capacity 3323K, committed 3328K, reserved 1048576K
}
Event: 10.933 GC heap before
{Heap before GC invocations=9 (full 0):
 garbage-first heap   total 65536K, used 42911K [0x0000000080000000, 0x0000000100000000)
  region size 1024K, 26 young (26624K), 3 survivors (3072K)
 Metaspace       used 25873K, capacity 26649K, committed 26880K, reserved 1073152K
  class space    used 3701K, capacity 3975K, committed 4096K, reserved 1048576K
}
Event: 10.944 GC heap after
{Heap after GC invocations=10 (full 0):
 garbage-first heap   total 78848K, used 22683K [0x0000000080000000, 0x0000000100000000)
  region size 1024K, 4 young (4096K), 4 survivors (4096K)
 Metaspace       used 25873K, capacity 26649K, committed 26880K, reserved 1073152K
  class space    used 3701K, capacity 3975K, committed 4096K, reserved 1048576K
}
Event: 11.955 GC heap before
{Heap before GC invocations=10 (full 0):
 garbage-first heap   total 78848K, used 50331K [0x0000000080000000, 0x0000000100000000)
  region size 1024K, 32 young (32768K), 4 survivors (4096K)
 Metaspace       used 27947K, capacity 28771K, committed 28928K, reserved 1073152K
  class space    used 3939K, capacity 4252K, committed 4352K, reserved 1048576K
}
Event: 11.974 GC heap after
{Heap after GC invocations=11 (full 0):
 garbage-first heap   total 78848K, used 25950K [0x0000000080000000, 0x0000000100000000)
  region size 1024K, 4 young (4096K), 4 survivors (4096K)
 Metaspace       used 27947K, capacity 28771K, committed 28928K, reserved 1073152K
  class space    used 3939K, capacity 4252K, committed 4352K, reserved 1048576K
}
Event: 14.065 GC heap before
{Heap before GC invocations=11 (full 0):
 garbage-first heap   total 78848K, used 55646K [0x0000000080000000, 0x0000000100000000)
  region size 1024K, 31 young (31744K), 4 survivors (4096K)
 Metaspace       used 30172K, capacity 31065K, committed 31104K, reserved 1075200K
  class space    used 4151K, capacity 4460K, committed 4480K, reserved 1048576K
}
Event: 14.080 GC heap after
{Heap after GC invocations=12 (full 0):
 garbage-first heap   total 78848K, used 27040K [0x0000000080000000, 0x0000000100000000)
  region size 1024K, 3 young (3072K), 3 survivors (3072K)
 Metaspace       used 30172K, capacity 31065K, committed 31104K, reserved 1075200K
  class space    used 4151K, capacity 4460K, committed 4480K, reserved 1048576K
}

