# JRE version: OpenJDK Runtime Environment (13.0.2+8) (build 13.0.2+8)
# Java VM: OpenJDK 64-Bit Server VM (13.0.2+8, mixed mode, sharing, tiered, compressed oops, g1 gc, windows-amd64)
Heap:
 garbage-first heap   total 485376K, used 288701K [0x0000000080000000, 0x0000000100000000)
  region size 1024K, 113 young (115712K), 10 survivors (10240K)
 Metaspace       used 128655K, capacity 132473K, committed 132736K, reserved 1165312K
  class space    used 16103K, capacity 17497K, committed 17536K, reserved 1048576K
GC Heap History (20 events):
Event: 849.867 GC heap before
{Heap before GC invocations=70 (full 0):
 garbage-first heap   total 386048K, used 310199K [0x0000000080000000, 0x0000000100000000)
  region size 1024K, 134 young (137216K), 3 survivors (3072K)
 Metaspace       used 128418K, capacity 132238K, committed 132480K, reserved 1165312K
  class space    used 16100K, capacity 17492K, committed 17536K, reserved 1048576K
}
Event: 849.878 GC heap after
{Heap after GC invocations=71 (full 0):
 garbage-first heap   total 386048K, used 175226K [0x0000000080000000, 0x0000000100000000)
  region size 1024K, 3 young (3072K), 3 survivors (3072K)
 Metaspace       used 128418K, capacity 132238K, committed 132480K, reserved 1165312K
  class space    used 16100K, capacity 17492K, committed 17536K, reserved 1048576K
}
Event: 850.633 GC heap before
{Heap before GC invocations=71 (full 0):
 garbage-first heap   total 386048K, used 312442K [0x0000000080000000, 0x0000000100000000)
  region size 1024K, 137 young (140288K), 3 survivors (3072K)
 Metaspace       used 128457K, capacity 132305K, committed 132480K, reserved 1165312K
  class space    used 16100K, capacity 17492K, committed 17536K, reserved 1048576K
}
Event: 850.647 GC heap after
{Heap after GC invocations=72 (full 0):
 garbage-first heap   total 386048K, used 175512K [0x0000000080000000, 0x0000000100000000)
  region size 1024K, 3 young (3072K), 3 survivors (3072K)
 Metaspace       used 128457K, capacity 132305K, committed 132480K, reserved 1165312K
  class space    used 16100K, capacity 17492K, committed 17536K, reserved 1048576K
}
Event: 851.440 GC heap before
{Heap before GC invocations=72 (full 0):
 garbage-first heap   total 386048K, used 321944K [0x0000000080000000, 0x0000000100000000)
  region size 1024K, 146 young (149504K), 3 survivors (3072K)
 Metaspace       used 128476K, capacity 132306K, committed 132480K, reserved 1165312K
  class space    used 16100K, capacity 17492K, committed 17536K, reserved 1048576K
}
Event: 851.461 GC heap after
{Heap after GC invocations=73 (full 0):
 garbage-first heap   total 386048K, used 176061K [0x0000000080000000, 0x0000000100000000)
  region size 1024K, 3 young (3072K), 3 survivors (3072K)
 Metaspace       used 128476K, capacity 132306K, committed 132480K, reserved 1165312K
  class space    used 16100K, capacity 17492K, committed 17536K, reserved 1048576K
}
Event: 852.301 GC heap before
{Heap before GC invocations=73 (full 0):
 garbage-first heap   total 386048K, used 323517K [0x0000000080000000, 0x0000000100000000)
  region size 1024K, 147 young (150528K), 3 survivors (3072K)
 Metaspace       used 128495K, capacity 132307K, committed 132480K, reserved 1165312K
  class space    used 16100K, capacity 17492K, committed 17536K, reserved 1048576K
}
Event: 852.323 GC heap after
{Heap after GC invocations=74 (full 0):
 garbage-first heap   total 386048K, used 176754K [0x0000000080000000, 0x0000000100000000)
  region size 1024K, 4 young (4096K), 4 survivors (4096K)
 Metaspace       used 128495K, capacity 132307K, committed 132480K, reserved 1165312K
  class space    used 16100K, capacity 17492K, committed 17536K, reserved 1048576K
}
Event: 853.484 GC heap before
{Heap before GC invocations=74 (full 0):
 garbage-first heap   total 386048K, used 325234K [0x0000000080000000, 0x0000000100000000)
  region size 1024K, 149 young (152576K), 4 survivors (4096K)
 Metaspace       used 128505K, capacity 132315K, committed 132480K, reserved 1165312K
  class space    used 16101K, capacity 17495K, committed 17536K, reserved 1048576K
}
Event: 853.505 GC heap after
{Heap after GC invocations=75 (full 0):
 garbage-first heap   total 386048K, used 177930K [0x0000000080000000, 0x0000000100000000)
  region size 1024K, 5 young (5120K), 5 survivors (5120K)
 Metaspace       used 128505K, capacity 132315K, committed 132480K, reserved 1165312K
  class space    used 16101K, capacity 17495K, committed 17536K, reserved 1048576K
}
Event: 854.645 GC heap before
{Heap before GC invocations=75 (full 0):
 garbage-first heap   total 386048K, used 327434K [0x0000000080000000, 0x0000000100000000)
  region size 1024K, 151 young (154624K), 5 survivors (5120K)
 Metaspace       used 128512K, capacity 132379K, committed 132480K, reserved 1165312K
  class space    used 16101K, capacity 17495K, committed 17536K, reserved 1048576K
}
Event: 854.668 GC heap after
{Heap after GC invocations=76 (full 0):
 garbage-first heap   total 386048K, used 178316K [0x0000000080000000, 0x0000000100000000)
  region size 1024K, 6 young (6144K), 6 survivors (6144K)
 Metaspace       used 128512K, capacity 132379K, committed 132480K, reserved 1165312K
  class space    used 16101K, capacity 17495K, committed 17536K, reserved 1048576K
}
Event: 855.559 GC heap before
{Heap before GC invocations=76 (full 0):
 garbage-first heap   total 386048K, used 329868K [0x0000000080000000, 0x0000000100000000)
  region size 1024K, 154 young (157696K), 6 survivors (6144K)
 Metaspace       used 128520K, capacity 132379K, committed 132480K, reserved 1165312K
  class space    used 16101K, capacity 17495K, committed 17536K, reserved 1048576K
}
Event: 855.590 GC heap after
{Heap after GC invocations=77 (full 0):
 garbage-first heap   total 386048K, used 179052K [0x0000000080000000, 0x0000000100000000)
  region size 1024K, 6 young (6144K), 6 survivors (6144K)
 Metaspace       used 128520K, capacity 132379K, committed 132480K, reserved 1165312K
  class space    used 16101K, capacity 17495K, committed 17536K, reserved 1048576K
}
Event: 856.363 GC heap before
{Heap before GC invocations=77 (full 0):
 garbage-first heap   total 386048K, used 334700K [0x0000000080000000, 0x0000000100000000)
  region size 1024K, 158 young (161792K), 6 survivors (6144K)
 Metaspace       used 128528K, capacity 132379K, committed 132480K, reserved 1165312K
  class space    used 16101K, capacity 17495K, committed 17536K, reserved 1048576K
}
Event: 856.391 GC heap after
{Heap after GC invocations=78 (full 0):
 garbage-first heap   total 386048K, used 180157K [0x0000000080000000, 0x0000000100000000)
  region size 1024K, 7 young (7168K), 7 survivors (7168K)
 Metaspace       used 128528K, capacity 132379K, committed 132480K, reserved 1165312K
  class space    used 16101K, capacity 17495K, committed 17536K, reserved 1048576K
}
Event: 857.476 GC heap before
{Heap before GC invocations=78 (full 0):
 garbage-first heap   total 386048K, used 336829K [0x0000000080000000, 0x0000000100000000)
  region size 1024K, 159 young (162816K), 7 survivors (7168K)
 Metaspace       used 128626K, capacity 132466K, committed 132736K, reserved 1165312K
  class space    used 16102K, capacity 17496K, committed 17536K, reserved 1048576K
}
Event: 857.512 GC heap after
{Heap after GC invocations=79 (full 0):
 garbage-first heap   total 386048K, used 180465K [0x0000000080000000, 0x0000000100000000)
  region size 1024K, 8 young (8192K), 8 survivors (8192K)
 Metaspace       used 128626K, capacity 132466K, committed 132736K, reserved 1165312K
  class space    used 16102K, capacity 17496K, committed 17536K, reserved 1048576K
}
Event: 857.785 GC heap before
{Heap before GC invocations=79 (full 0):
 garbage-first heap   total 386048K, used 220401K [0x0000000080000000, 0x0000000100000000)
  region size 1024K, 48 young (49152K), 8 survivors (8192K)
 Metaspace       used 128636K, capacity 132470K, committed 132736K, reserved 1165312K
  class space    used 16102K, capacity 17497K, committed 17536K, reserved 1048576K
}
Event: 857.817 GC heap after
{Heap after GC invocations=80 (full 0):
 garbage-first heap   total 386048K, used 184253K [0x0000000080000000, 0x0000000100000000)
  region size 1024K, 10 young (10240K), 10 survivors (10240K)
 Metaspace       used 128636K, capacity 132470K, committed 132736K, reserved 1165312K
  class space    used 16102K, capacity 17497K, committed 17536K, reserved 1048576K
}

