# JRE version: OpenJDK Runtime Environment (13.0.2+8) (build 13.0.2+8)
# Java VM: OpenJDK 64-Bit Server VM (13.0.2+8, mixed mode, sharing, tiered, compressed oops, g1 gc, windows-amd64)
Heap:
 garbage-first heap   total 107520K, used 78341K [0x0000000080000000, 0x0000000100000000)
  region size 1024K, 23 young (23552K), 4 survivors (4096K)
 Metaspace       used 60949K, capacity 62469K, committed 62720K, reserved 1103872K
  class space    used 8045K, capacity 8590K, committed 8704K, reserved 1048576K
GC Heap History (20 events):
Event: 46.337 GC heap before
{Heap before GC invocations=20 (full 0):
 garbage-first heap   total 80896K, used 62683K [0x0000000080000000, 0x0000000100000000)
  region size 1024K, 18 young (18432K), 3 survivors (3072K)
 Metaspace       used 41881K, capacity 43051K, committed 43264K, reserved 1087488K
  class space    used 5647K, capacity 6061K, committed 6144K, reserved 1048576K
}
Event: 46.347 GC heap after
{Heap after GC invocations=21 (full 0):
 garbage-first heap   total 80896K, used 49103K [0x0000000080000000, 0x0000000100000000)
  region size 1024K, 1 young (1024K), 1 survivors (1024K)
 Metaspace       used 41881K, capacity 43051K, committed 43264K, reserved 1087488K
  class space    used 5647K, capacity 6061K, committed 6144K, reserved 1048576K
}
Event: 47.481 GC heap before
{Heap before GC invocations=22 (full 0):
 garbage-first heap   total 89088K, used 64463K [0x0000000080000000, 0x0000000100000000)
  region size 1024K, 16 young (16384K), 1 survivors (1024K)
 Metaspace       used 43972K, capacity 45280K, committed 45312K, reserved 1087488K
  class space    used 5922K, capacity 6397K, committed 6400K, reserved 1048576K
}
Event: 47.486 GC heap after
{Heap after GC invocations=23 (full 0):
 garbage-first heap   total 89088K, used 49435K [0x0000000080000000, 0x0000000100000000)
  region size 1024K, 1 young (1024K), 1 survivors (1024K)
 Metaspace       used 43972K, capacity 45280K, committed 45312K, reserved 1087488K
  class space    used 5922K, capacity 6397K, committed 6400K, reserved 1048576K
}
Event: 48.845 GC heap before
{Heap before GC invocations=23 (full 0):
 garbage-first heap   total 89088K, used 68891K [0x0000000080000000, 0x0000000100000000)
  region size 1024K, 20 young (20480K), 1 survivors (1024K)
 Metaspace       used 47034K, capacity 48294K, committed 48512K, reserved 1091584K
  class space    used 6239K, capacity 6740K, committed 6784K, reserved 1048576K
}
Event: 48.853 GC heap after
{Heap after GC invocations=24 (full 0):
 garbage-first heap   total 89088K, used 50111K [0x0000000080000000, 0x0000000100000000)
  region size 1024K, 2 young (2048K), 2 survivors (2048K)
 Metaspace       used 47034K, capacity 48294K, committed 48512K, reserved 1091584K
  class space    used 6239K, capacity 6740K, committed 6784K, reserved 1048576K
}
Event: 50.531 GC heap before
{Heap before GC invocations=25 (full 0):
 garbage-first heap   total 91136K, used 69567K [0x0000000080000000, 0x0000000100000000)
  region size 1024K, 21 young (21504K), 2 survivors (2048K)
 Metaspace       used 50013K, capacity 51382K, committed 51456K, reserved 1093632K
  class space    used 6616K, capacity 7104K, committed 7168K, reserved 1048576K
}
Event: 50.543 GC heap after
{Heap after GC invocations=26 (full 0):
 garbage-first heap   total 91136K, used 51177K [0x0000000080000000, 0x0000000100000000)
  region size 1024K, 3 young (3072K), 3 survivors (3072K)
 Metaspace       used 50013K, capacity 51382K, committed 51456K, reserved 1093632K
  class space    used 6616K, capacity 7104K, committed 7168K, reserved 1048576K
}
Event: 51.963 GC heap before
{Heap before GC invocations=26 (full 0):
 garbage-first heap   total 91136K, used 70633K [0x0000000080000000, 0x0000000100000000)
  region size 1024K, 23 young (23552K), 3 survivors (3072K)
 Metaspace       used 52109K, capacity 53454K, committed 53760K, reserved 1095680K
  class space    used 6855K, capacity 7345K, committed 7424K, reserved 1048576K
}
Event: 51.989 GC heap after
{Heap after GC invocations=27 (full 0):
 garbage-first heap   total 91136K, used 53414K [0x0000000080000000, 0x0000000100000000)
  region size 1024K, 3 young (3072K), 3 survivors (3072K)
 Metaspace       used 52109K, capacity 53454K, committed 53760K, reserved 1095680K
  class space    used 6855K, capacity 7345K, committed 7424K, reserved 1048576K
}
Event: 53.210 GC heap before
{Heap before GC invocations=28 (full 0):
 garbage-first heap   total 97280K, used 71846K [0x0000000080000000, 0x0000000100000000)
  region size 1024K, 21 young (21504K), 3 survivors (3072K)
 Metaspace       used 53976K, capacity 55400K, committed 55552K, reserved 1097728K
  class space    used 7089K, capacity 7583K, committed 7680K, reserved 1048576K
}
Event: 53.232 GC heap after
{Heap after GC invocations=29 (full 0):
 garbage-first heap   total 97280K, used 55067K [0x0000000080000000, 0x0000000100000000)
  region size 1024K, 2 young (2048K), 2 survivors (2048K)
 Metaspace       used 53976K, capacity 55400K, committed 55552K, reserved 1097728K
  class space    used 7089K, capacity 7583K, committed 7680K, reserved 1048576K
}
Event: 53.688 GC heap before
{Heap before GC invocations=29 (full 0):
 garbage-first heap   total 97280K, used 59163K [0x0000000080000000, 0x0000000100000000)
  region size 1024K, 7 young (7168K), 2 survivors (2048K)
 Metaspace       used 54518K, capacity 55892K, committed 56064K, reserved 1097728K
  class space    used 7133K, capacity 7618K, committed 7680K, reserved 1048576K
}
Event: 53.692 GC heap after
{Heap after GC invocations=30 (full 0):
 garbage-first heap   total 97280K, used 55554K [0x0000000080000000, 0x0000000100000000)
  region size 1024K, 2 young (2048K), 2 survivors (2048K)
 Metaspace       used 54518K, capacity 55892K, committed 56064K, reserved 1097728K
  class space    used 7133K, capacity 7618K, committed 7680K, reserved 1048576K
}
Event: 54.614 GC heap before
{Heap before GC invocations=31 (full 0):
 garbage-first heap   total 104448K, used 76034K [0x0000000080000000, 0x0000000100000000)
  region size 1024K, 21 young (21504K), 2 survivors (2048K)
 Metaspace       used 56462K, capacity 57790K, committed 58112K, reserved 1099776K
  class space    used 7389K, capacity 7866K, committed 7936K, reserved 1048576K
}
Event: 54.623 GC heap after
{Heap after GC invocations=32 (full 0):
 garbage-first heap   total 104448K, used 56020K [0x0000000080000000, 0x0000000100000000)
  region size 1024K, 2 young (2048K), 2 survivors (2048K)
 Metaspace       used 56462K, capacity 57790K, committed 58112K, reserved 1099776K
  class space    used 7389K, capacity 7866K, committed 7936K, reserved 1048576K
}
Event: 55.656 GC heap before
{Heap before GC invocations=32 (full 0):
 garbage-first heap   total 104448K, used 78548K [0x0000000080000000, 0x0000000100000000)
  region size 1024K, 24 young (24576K), 2 survivors (2048K)
 Metaspace       used 57599K, capacity 59014K, committed 59264K, reserved 1099776K
  class space    used 7533K, capacity 8033K, committed 8064K, reserved 1048576K
}
Event: 55.664 GC heap after
{Heap after GC invocations=33 (full 0):
 garbage-first heap   total 104448K, used 57731K [0x0000000080000000, 0x0000000100000000)
  region size 1024K, 3 young (3072K), 3 survivors (3072K)
 Metaspace       used 57599K, capacity 59014K, committed 59264K, reserved 1099776K
  class space    used 7533K, capacity 8033K, committed 8064K, reserved 1048576K
}
Event: 57.558 GC heap before
{Heap before GC invocations=34 (full 0):
 garbage-first heap   total 107520K, used 80259K [0x0000000080000000, 0x0000000100000000)
  region size 1024K, 26 young (26624K), 3 survivors (3072K)
 Metaspace       used 58566K, capacity 59956K, committed 60160K, reserved 1101824K
  class space    used 7630K, capacity 8135K, committed 8192K, reserved 1048576K
}
Event: 57.574 GC heap after
{Heap after GC invocations=35 (full 0):
 garbage-first heap   total 107520K, used 59909K [0x0000000080000000, 0x0000000100000000)
  region size 1024K, 4 young (4096K), 4 survivors (4096K)
 Metaspace       used 58566K, capacity 59956K, committed 60160K, reserved 1101824K
  class space    used 7630K, capacity 8135K, committed 8192K, reserved 1048576K
}

